current directory: /Users/yugo/Dropbox/アプリ制作/Ruby_on_Rails/Railstutorial_5.1/environment/toy_app/vender/bundle/gems/sqlite3-1.3.13/ext/sqlite3
/Users/yugo/.rbenv/versions/2.5.3/bin/ruby -r ./siteconf20190217-20379-1wop9fe.rb extconf.rb
checking for sqlite3.h... yes
checking for pthread_create() in -lpthread... yes
checking for sqlite3_libversion_number() in -lsqlite3... yes
checking for rb_proc_arity()... yes
checking for rb_integer_pack()... yes
checking for sqlite3_initialize()... yes
checking for sqlite3_backup_init()... yes
checking for sqlite3_column_database_name()... yes
checking for sqlite3_enable_load_extension()... yes
checking for sqlite3_load_extension()... yes
checking for sqlite3_open_v2()... yes
checking for sqlite3_prepare_v2()... yes
checking for sqlite3_int64 in sqlite3.h... yes
checking for sqlite3_uint64 in sqlite3.h... yes
creating Makefile

current directory: /Users/yugo/Dropbox/アプリ制作/Ruby_on_Rails/Railstutorial_5.1/environment/toy_app/vender/bundle/gems/sqlite3-1.3.13/ext/sqlite3
make "DESTDIR=" clean

current directory: /Users/yugo/Dropbox/アプリ制作/Ruby_on_Rails/Railstutorial_5.1/environment/toy_app/vender/bundle/gems/sqlite3-1.3.13/ext/sqlite3
make "DESTDIR="
compiling backup.c
compiling database.c
compiling exception.c
compiling sqlite3.c
compiling statement.c
linking shared-object sqlite3/sqlite3_native.bundle

current directory: /Users/yugo/Dropbox/アプリ制作/Ruby_on_Rails/Railstutorial_5.1/environment/toy_app/vender/bundle/gems/sqlite3-1.3.13/ext/sqlite3
make "DESTDIR=" install
/usr/bin/install -c -m 0755 sqlite3_native.bundle ./.gem.20190217-20379-368xv8/sqlite3
